[0.258s] Invoking command in '/home/zaynap/project_ws/build/model_description': CMAKE_PREFIX_PATH=${CMAKE_PREFIX_PATH}:/home/zaynap/project_ws/install/robot_bringup:/home/zaynap/project_ws/install/gap_follower:/opt/ros/humble /usr/bin/cmake --build /home/zaynap/project_ws/build/model_description -- -j8 -l8
[0.505s] Invoked command in '/home/zaynap/project_ws/build/model_description' returned '0': CMAKE_PREFIX_PATH=${CMAKE_PREFIX_PATH}:/home/zaynap/project_ws/install/robot_bringup:/home/zaynap/project_ws/install/gap_follower:/opt/ros/humble /usr/bin/cmake --build /home/zaynap/project_ws/build/model_description -- -j8 -l8
[0.514s] Invoking command in '/home/zaynap/project_ws/build/model_description': CMAKE_PREFIX_PATH=${CMAKE_PREFIX_PATH}:/home/zaynap/project_ws/install/robot_bringup:/home/zaynap/project_ws/install/gap_follower:/opt/ros/humble /usr/bin/cmake --install /home/zaynap/project_ws/build/model_description
[0.523s] -- Install configuration: ""
[0.523s] -- Up-to-date: /home/zaynap/project_ws/install/model_description/share/model_description//worlds
[0.523s] -- Up-to-date: /home/zaynap/project_ws/install/model_description/share/model_description//worlds/install
[0.523s] -- Up-to-date: /home/zaynap/project_ws/install/model_description/share/model_description//worlds/install/setup.bash
[0.524s] -- Up-to-date: /home/zaynap/project_ws/install/model_description/share/model_description//worlds/install/setup.ps1
[0.524s] -- Up-to-date: /home/zaynap/project_ws/install/model_description/share/model_description//worlds/install/_local_setup_util_ps1.py
[0.524s] -- Up-to-date: /home/zaynap/project_ws/install/model_description/share/model_description//worlds/install/_local_setup_util_sh.py
[0.524s] -- Up-to-date: /home/zaynap/project_ws/install/model_description/share/model_description//worlds/install/local_setup.bash
[0.524s] -- Up-to-date: /home/zaynap/project_ws/install/model_description/share/model_description//worlds/install/local_setup.ps1
[0.524s] -- Up-to-date: /home/zaynap/project_ws/install/model_description/share/model_description//worlds/install/COLCON_IGNORE
[0.525s] -- Up-to-date: /home/zaynap/project_ws/install/model_description/share/model_description//worlds/install/setup.zsh
[0.525s] -- Up-to-date: /home/zaynap/project_ws/install/model_description/share/model_description//worlds/install/local_setup.sh
[0.525s] -- Up-to-date: /home/zaynap/project_ws/install/model_description/share/model_description//worlds/install/.colcon_install_layout
[0.525s] -- Up-to-date: /home/zaynap/project_ws/install/model_description/share/model_description//worlds/install/setup.sh
[0.525s] -- Up-to-date: /home/zaynap/project_ws/install/model_description/share/model_description//worlds/install/local_setup.zsh
[0.525s] -- Up-to-date: /home/zaynap/project_ws/install/model_description/share/model_description//worlds/log
[0.525s] -- Up-to-date: /home/zaynap/project_ws/install/model_description/share/model_description//worlds/log/build_2025-03-01_01-52-05
[0.526s] -- Up-to-date: /home/zaynap/project_ws/install/model_description/share/model_description//worlds/log/build_2025-03-01_01-52-05/events.log
[0.526s] -- Up-to-date: /home/zaynap/project_ws/install/model_description/share/model_description//worlds/log/build_2025-03-01_01-52-05/logger_all.log
[0.526s] -- Up-to-date: /home/zaynap/project_ws/install/model_description/share/model_description//worlds/log/latest_build
[0.526s] -- Up-to-date: /home/zaynap/project_ws/install/model_description/share/model_description//worlds/log/COLCON_IGNORE
[0.526s] -- Up-to-date: /home/zaynap/project_ws/install/model_description/share/model_description//worlds/log/latest
[0.526s] -- Up-to-date: /home/zaynap/project_ws/install/model_description/share/model_description//worlds/world.sdf
[0.526s] -- Up-to-date: /home/zaynap/project_ws/install/model_description/share/model_description//worlds/build
[0.526s] -- Up-to-date: /home/zaynap/project_ws/install/model_description/share/model_description//worlds/build/.built_by
[0.526s] -- Up-to-date: /home/zaynap/project_ws/install/model_description/share/model_description//worlds/build/COLCON_IGNORE
[0.527s] -- Up-to-date: /home/zaynap/project_ws/install/model_description/share/model_description//models
[0.527s] -- Up-to-date: /home/zaynap/project_ws/install/model_description/share/model_description//models/robot
[0.527s] -- Up-to-date: /home/zaynap/project_ws/install/model_description/share/model_description//models/robot/components
[0.527s] -- Up-to-date: /home/zaynap/project_ws/install/model_description/share/model_description//models/robot/components/support.sdf
[0.527s] -- Up-to-date: /home/zaynap/project_ws/install/model_description/share/model_description//models/model2.config
[0.527s] -- Up-to-date: /home/zaynap/project_ws/install/model_description/share/model_description//models/model.config
[0.527s] -- Up-to-date: /home/zaynap/project_ws/install/model_description/share/model_description//models/thumbnails
[0.528s] -- Up-to-date: /home/zaynap/project_ws/install/model_description/share/model_description//models/thumbnails/turtlebot3_burger.jpg
[0.528s] -- Up-to-date: /home/zaynap/project_ws/install/model_description/share/model_description//models/meshes
[0.528s] -- Up-to-date: /home/zaynap/project_ws/install/model_description/share/model_description//models/meshes/burger_base.stl
[0.528s] -- Up-to-date: /home/zaynap/project_ws/install/model_description/share/model_description//models/meshes/left_tire.stl
[0.529s] -- Up-to-date: /home/zaynap/project_ws/install/model_description/share/model_description//models/meshes/right_tire.stl
[0.529s] -- Up-to-date: /home/zaynap/project_ws/install/model_description/share/model_description//models/meshes/lds.stl
[0.529s] -- Up-to-date: /home/zaynap/project_ws/install/model_description/share/model_description//models/model.sdf
[0.530s] -- Up-to-date: /home/zaynap/project_ws/install/model_description/share/model_description//models/wall
[0.530s] -- Up-to-date: /home/zaynap/project_ws/install/model_description/share/model_description//models/wall/1.sdf
[0.530s] -- Up-to-date: /home/zaynap/project_ws/install/model_description/share/model_description//models/wall/2.sdf
[0.530s] -- Up-to-date: /home/zaynap/project_ws/install/model_description/share/model_description//models/wall/3.sdf
[0.530s] -- Up-to-date: /home/zaynap/project_ws/install/model_description/share/model_description//models/wall/8.sdf
[0.530s] -- Up-to-date: /home/zaynap/project_ws/install/model_description/share/model_description//models/wall/4.sdf
[0.530s] -- Up-to-date: /home/zaynap/project_ws/install/model_description/share/model_description//models/model2.sdf
[0.530s] -- Up-to-date: /home/zaynap/project_ws/install/model_description/share/model_description//models/lidar
[0.531s] -- Up-to-date: /home/zaynap/project_ws/install/model_description/share/model_description//models/lidar/model.config
[0.531s] -- Up-to-date: /home/zaynap/project_ws/install/model_description/share/model_description//models/lidar/thumbnails
[0.531s] -- Up-to-date: /home/zaynap/project_ws/install/model_description/share/model_description//models/lidar/thumbnails/2.jpg
[0.531s] -- Up-to-date: /home/zaynap/project_ws/install/model_description/share/model_description//models/lidar/thumbnails/4.jpg
[0.531s] -- Up-to-date: /home/zaynap/project_ws/install/model_description/share/model_description//models/lidar/thumbnails/3.jpg
[0.532s] -- Up-to-date: /home/zaynap/project_ws/install/model_description/share/model_description//models/lidar/thumbnails/5.jpg
[0.532s] -- Up-to-date: /home/zaynap/project_ws/install/model_description/share/model_description//models/lidar/thumbnails/1.jpg
[0.532s] -- Up-to-date: /home/zaynap/project_ws/install/model_description/share/model_description//models/lidar/meshes
[0.532s] -- Up-to-date: /home/zaynap/project_ws/install/model_description/share/model_description//models/lidar/meshes/lidar_3d_v1.dae
[0.532s] -- Up-to-date: /home/zaynap/project_ws/install/model_description/share/model_description//models/lidar/meshes/lidar_3d_v1.jpg
[0.533s] -- Up-to-date: /home/zaynap/project_ws/install/model_description/share/model_description//models/lidar/model.sdf
[0.533s] -- Up-to-date: /home/zaynap/project_ws/install/model_description/share/model_description//models/lidar/materials
[0.533s] -- Up-to-date: /home/zaynap/project_ws/install/model_description/share/model_description//models/lidar/materials/textures
[0.533s] -- Up-to-date: /home/zaynap/project_ws/install/model_description/share/model_description//models/lidar/materials/textures/lidar_3d_v1.jpg
[0.533s] -- Up-to-date: /home/zaynap/project_ws/install/model_description/share/model_description//rviz
[0.534s] -- Up-to-date: /home/zaynap/project_ws/install/model_description/share/model_description//rviz/model.rviz
[0.534s] -- Up-to-date: /home/zaynap/project_ws/install/model_description/share/ament_index/resource_index/package_run_dependencies/model_description
[0.534s] -- Up-to-date: /home/zaynap/project_ws/install/model_description/share/ament_index/resource_index/parent_prefix_path/model_description
[0.535s] -- Up-to-date: /home/zaynap/project_ws/install/model_description/share/model_description/environment/ament_prefix_path.sh
[0.535s] -- Up-to-date: /home/zaynap/project_ws/install/model_description/share/model_description/environment/ament_prefix_path.dsv
[0.535s] -- Up-to-date: /home/zaynap/project_ws/install/model_description/share/model_description/environment/path.sh
[0.536s] -- Up-to-date: /home/zaynap/project_ws/install/model_description/share/model_description/environment/path.dsv
[0.536s] -- Up-to-date: /home/zaynap/project_ws/install/model_description/share/model_description/local_setup.bash
[0.536s] -- Up-to-date: /home/zaynap/project_ws/install/model_description/share/model_description/local_setup.sh
[0.536s] -- Up-to-date: /home/zaynap/project_ws/install/model_description/share/model_description/local_setup.zsh
[0.537s] -- Up-to-date: /home/zaynap/project_ws/install/model_description/share/model_description/local_setup.dsv
[0.537s] -- Installing: /home/zaynap/project_ws/install/model_description/share/model_description/package.dsv
[0.537s] -- Up-to-date: /home/zaynap/project_ws/install/model_description/share/ament_index/resource_index/packages/model_description
[0.537s] -- Up-to-date: /home/zaynap/project_ws/install/model_description/share/model_description/cmake/model_descriptionConfig.cmake
[0.537s] -- Up-to-date: /home/zaynap/project_ws/install/model_description/share/model_description/cmake/model_descriptionConfig-version.cmake
[0.537s] -- Up-to-date: /home/zaynap/project_ws/install/model_description/share/model_description/package.xml
[0.538s] Invoked command in '/home/zaynap/project_ws/build/model_description' returned '0': CMAKE_PREFIX_PATH=${CMAKE_PREFIX_PATH}:/home/zaynap/project_ws/install/robot_bringup:/home/zaynap/project_ws/install/gap_follower:/opt/ros/humble /usr/bin/cmake --install /home/zaynap/project_ws/build/model_description
