[0.778s] Invoking command in '/home/zaynap/project_ws/build/model_description': CMAKE_PREFIX_PATH=${CMAKE_PREFIX_PATH}:/home/zaynap/project_ws/install/robot_bringup:/home/zaynap/project_ws/install/gap_follower:/opt/ros/humble /usr/bin/cmake --build /home/zaynap/project_ws/build/model_description -- -j8 -l8
[0.949s] Invoked command in '/home/zaynap/project_ws/build/model_description' returned '0': CMAKE_PREFIX_PATH=${CMAKE_PREFIX_PATH}:/home/zaynap/project_ws/install/robot_bringup:/home/zaynap/project_ws/install/gap_follower:/opt/ros/humble /usr/bin/cmake --build /home/zaynap/project_ws/build/model_description -- -j8 -l8
[0.961s] Invoking command in '/home/zaynap/project_ws/build/model_description': CMAKE_PREFIX_PATH=${CMAKE_PREFIX_PATH}:/home/zaynap/project_ws/install/robot_bringup:/home/zaynap/project_ws/install/gap_follower:/opt/ros/humble /usr/bin/cmake --install /home/zaynap/project_ws/build/model_description
[0.969s] -- Install configuration: ""
[0.970s] -- Up-to-date: /home/zaynap/project_ws/install/model_description/share/model_description//worlds
[0.970s] -- Up-to-date: /home/zaynap/project_ws/install/model_description/share/model_description//worlds/install
[1.016s] -- Up-to-date: /home/zaynap/project_ws/install/model_description/share/model_description//worlds/install/setup.bash
[1.017s] -- Up-to-date: /home/zaynap/project_ws/install/model_description/share/model_description//worlds/install/setup.ps1
[1.017s] -- Up-to-date: /home/zaynap/project_ws/install/model_description/share/model_description//worlds/install/_local_setup_util_ps1.py
[1.017s] -- Up-to-date: /home/zaynap/project_ws/install/model_description/share/model_description//worlds/install/_local_setup_util_sh.py
[1.017s] -- Up-to-date: /home/zaynap/project_ws/install/model_description/share/model_description//worlds/install/local_setup.bash
[1.017s] -- Up-to-date: /home/zaynap/project_ws/install/model_description/share/model_description//worlds/install/local_setup.ps1
[1.017s] -- Up-to-date: /home/zaynap/project_ws/install/model_description/share/model_description//worlds/install/COLCON_IGNORE
[1.017s] -- Up-to-date: /home/zaynap/project_ws/install/model_description/share/model_description//worlds/install/setup.zsh
[1.017s] -- Up-to-date: /home/zaynap/project_ws/install/model_description/share/model_description//worlds/install/local_setup.sh
[1.017s] -- Up-to-date: /home/zaynap/project_ws/install/model_description/share/model_description//worlds/install/.colcon_install_layout
[1.017s] -- Up-to-date: /home/zaynap/project_ws/install/model_description/share/model_description//worlds/install/setup.sh
[1.018s] -- Up-to-date: /home/zaynap/project_ws/install/model_description/share/model_description//worlds/install/local_setup.zsh
[1.018s] -- Up-to-date: /home/zaynap/project_ws/install/model_description/share/model_description//worlds/log
[1.018s] -- Up-to-date: /home/zaynap/project_ws/install/model_description/share/model_description//worlds/log/build_2025-03-01_01-52-05
[1.018s] -- Up-to-date: /home/zaynap/project_ws/install/model_description/share/model_description//worlds/log/build_2025-03-01_01-52-05/events.log
[1.018s] -- Up-to-date: /home/zaynap/project_ws/install/model_description/share/model_description//worlds/log/build_2025-03-01_01-52-05/logger_all.log
[1.018s] -- Up-to-date: /home/zaynap/project_ws/install/model_description/share/model_description//worlds/log/latest_build
[1.018s] -- Up-to-date: /home/zaynap/project_ws/install/model_description/share/model_description//worlds/log/COLCON_IGNORE
[1.018s] -- Up-to-date: /home/zaynap/project_ws/install/model_description/share/model_description//worlds/log/latest
[1.018s] -- Up-to-date: /home/zaynap/project_ws/install/model_description/share/model_description//worlds/world.sdf
[1.018s] -- Up-to-date: /home/zaynap/project_ws/install/model_description/share/model_description//worlds/build
[1.018s] -- Up-to-date: /home/zaynap/project_ws/install/model_description/share/model_description//worlds/build/.built_by
[1.018s] -- Up-to-date: /home/zaynap/project_ws/install/model_description/share/model_description//worlds/build/COLCON_IGNORE
[1.018s] -- Up-to-date: /home/zaynap/project_ws/install/model_description/share/model_description//models
[1.018s] -- Up-to-date: /home/zaynap/project_ws/install/model_description/share/model_description//models/robot
[1.036s] -- Up-to-date: /home/zaynap/project_ws/install/model_description/share/model_description//models/robot/components
[1.037s] -- Up-to-date: /home/zaynap/project_ws/install/model_description/share/model_description//models/robot/components/support.sdf
[1.037s] -- Up-to-date: /home/zaynap/project_ws/install/model_description/share/model_description//models/model2.config
[1.037s] -- Up-to-date: /home/zaynap/project_ws/install/model_description/share/model_description//models/model.config
[1.037s] -- Up-to-date: /home/zaynap/project_ws/install/model_description/share/model_description//models/thumbnails
[1.037s] -- Up-to-date: /home/zaynap/project_ws/install/model_description/share/model_description//models/thumbnails/turtlebot3_burger.jpg
[1.037s] -- Up-to-date: /home/zaynap/project_ws/install/model_description/share/model_description//models/meshes
[1.037s] -- Up-to-date: /home/zaynap/project_ws/install/model_description/share/model_description//models/meshes/burger_base.stl
[1.038s] -- Up-to-date: /home/zaynap/project_ws/install/model_description/share/model_description//models/meshes/left_tire.stl
[1.038s] -- Up-to-date: /home/zaynap/project_ws/install/model_description/share/model_description//models/meshes/right_tire.stl
[1.038s] -- Up-to-date: /home/zaynap/project_ws/install/model_description/share/model_description//models/meshes/lds.stl
[1.038s] -- Up-to-date: /home/zaynap/project_ws/install/model_description/share/model_description//models/model.sdf
[1.038s] -- Up-to-date: /home/zaynap/project_ws/install/model_description/share/model_description//models/wall
[1.038s] -- Up-to-date: /home/zaynap/project_ws/install/model_description/share/model_description//models/wall/1.sdf
[1.038s] -- Up-to-date: /home/zaynap/project_ws/install/model_description/share/model_description//models/wall/2.sdf
[1.039s] -- Up-to-date: /home/zaynap/project_ws/install/model_description/share/model_description//models/wall/3.sdf
[1.039s] -- Up-to-date: /home/zaynap/project_ws/install/model_description/share/model_description//models/wall/8.sdf
[1.039s] -- Up-to-date: /home/zaynap/project_ws/install/model_description/share/model_description//models/wall/4.sdf
[1.039s] -- Up-to-date: /home/zaynap/project_ws/install/model_description/share/model_description//models/model2.sdf
[1.039s] -- Up-to-date: /home/zaynap/project_ws/install/model_description/share/model_description//models/lidar
[1.039s] -- Up-to-date: /home/zaynap/project_ws/install/model_description/share/model_description//models/lidar/model.config
[1.039s] -- Up-to-date: /home/zaynap/project_ws/install/model_description/share/model_description//models/lidar/thumbnails
[1.040s] -- Up-to-date: /home/zaynap/project_ws/install/model_description/share/model_description//models/lidar/thumbnails/2.jpg
[1.040s] -- Up-to-date: /home/zaynap/project_ws/install/model_description/share/model_description//models/lidar/thumbnails/4.jpg
[1.040s] -- Up-to-date: /home/zaynap/project_ws/install/model_description/share/model_description//models/lidar/thumbnails/3.jpg
[1.040s] -- Up-to-date: /home/zaynap/project_ws/install/model_description/share/model_description//models/lidar/thumbnails/5.jpg
[1.040s] -- Up-to-date: /home/zaynap/project_ws/install/model_description/share/model_description//models/lidar/thumbnails/1.jpg
[1.040s] -- Up-to-date: /home/zaynap/project_ws/install/model_description/share/model_description//models/lidar/meshes
[1.040s] -- Up-to-date: /home/zaynap/project_ws/install/model_description/share/model_description//models/lidar/meshes/lidar_3d_v1.dae
[1.040s] -- Up-to-date: /home/zaynap/project_ws/install/model_description/share/model_description//models/lidar/meshes/lidar_3d_v1.jpg
[1.041s] -- Up-to-date: /home/zaynap/project_ws/install/model_description/share/model_description//models/lidar/model.sdf
[1.041s] -- Up-to-date: /home/zaynap/project_ws/install/model_description/share/model_description//models/lidar/materials
[1.041s] -- Up-to-date: /home/zaynap/project_ws/install/model_description/share/model_description//models/lidar/materials/textures
[1.041s] -- Up-to-date: /home/zaynap/project_ws/install/model_description/share/model_description//models/lidar/materials/textures/lidar_3d_v1.jpg
[1.041s] -- Up-to-date: /home/zaynap/project_ws/install/model_description/share/model_description//rviz
[1.042s] -- Up-to-date: /home/zaynap/project_ws/install/model_description/share/model_description//rviz/model.rviz
[1.042s] -- Up-to-date: /home/zaynap/project_ws/install/model_description/share/ament_index/resource_index/package_run_dependencies/model_description
[1.042s] -- Up-to-date: /home/zaynap/project_ws/install/model_description/share/ament_index/resource_index/parent_prefix_path/model_description
[1.042s] -- Up-to-date: /home/zaynap/project_ws/install/model_description/share/model_description/environment/ament_prefix_path.sh
[1.042s] -- Up-to-date: /home/zaynap/project_ws/install/model_description/share/model_description/environment/ament_prefix_path.dsv
[1.043s] -- Up-to-date: /home/zaynap/project_ws/install/model_description/share/model_description/environment/path.sh
[1.043s] -- Up-to-date: /home/zaynap/project_ws/install/model_description/share/model_description/environment/path.dsv
[1.043s] -- Up-to-date: /home/zaynap/project_ws/install/model_description/share/model_description/local_setup.bash
[1.044s] -- Up-to-date: /home/zaynap/project_ws/install/model_description/share/model_description/local_setup.sh
[1.044s] -- Up-to-date: /home/zaynap/project_ws/install/model_description/share/model_description/local_setup.zsh
[1.044s] -- Up-to-date: /home/zaynap/project_ws/install/model_description/share/model_description/local_setup.dsv
[1.044s] -- Installing: /home/zaynap/project_ws/install/model_description/share/model_description/package.dsv
[1.044s] -- Up-to-date: /home/zaynap/project_ws/install/model_description/share/ament_index/resource_index/packages/model_description
[1.044s] -- Up-to-date: /home/zaynap/project_ws/install/model_description/share/model_description/cmake/model_descriptionConfig.cmake
[1.045s] -- Up-to-date: /home/zaynap/project_ws/install/model_description/share/model_description/cmake/model_descriptionConfig-version.cmake
[1.045s] -- Up-to-date: /home/zaynap/project_ws/install/model_description/share/model_description/package.xml
[1.045s] Invoked command in '/home/zaynap/project_ws/build/model_description' returned '0': CMAKE_PREFIX_PATH=${CMAKE_PREFIX_PATH}:/home/zaynap/project_ws/install/robot_bringup:/home/zaynap/project_ws/install/gap_follower:/opt/ros/humble /usr/bin/cmake --install /home/zaynap/project_ws/build/model_description
